Restore Archived Project report for RCB_FPGA
Mon Oct 24 13:21:08 2022
Quartus Prime Version 21.1.1 Build 850 06/23/2022 SJ Lite Edition


---------------------
; Table of Contents ;
---------------------
  1. Legal Notice
  2. Restore Archived Project Summary
  3. Restore Archived Project Messages
  4. Files Restored
  5. Files Not Restored



----------------
; Legal Notice ;
----------------
Copyright (C) 2022  Intel Corporation. All rights reserved.
Your use of Intel Corporation's design tools, logic functions 
and other software and tools, and any partner logic 
functions, and any output files from any of the foregoing 
(including device programming or simulation files), and any 
associated documentation or information are expressly subject 
to the terms and conditions of the Intel Program License 
Subscription Agreement, the Intel Quartus Prime License Agreement,
the Intel FPGA IP License Agreement, or other applicable license
agreement, including, without limitation, that your use is for
the sole purpose of programming logic devices manufactured by
Intel and sold by Intel or its authorized distributors.  Please
refer to the applicable agreement for further details, at
https://fpgasoftware.intel.com/eula.



+-------------------------------------------------------------------------+
; Restore Archived Project Summary                                        ;
+---------------------------------+---------------------------------------+
; Restore Archived Project Status ; Successful - Mon Oct 24 13:21:08 2022 ;
; Revision Name                   ; RCB_FPGA                              ;
; Top-level Entity Name           ; RCB_FPGA_Eval                         ;
; Family                          ; MAX 10                                ;
+---------------------------------+---------------------------------------+


+-----------------------------------+
; Restore Archived Project Messages ;
+-----------------------------------+
Info: Successfully restored 'C:/TracePCB/RCB/RCB_FPGA/RCB_FPGA_Eval_tmp_archive.qar' into the 'C:/TracePCB/RCB/RCB_FPGA' directory
Info: Generated report 'RCB_FPGA.restore.rpt'


+---------------------------------+
; Files Restored                  ;
+---------------------------------+
; File Name                       ;
+---------------------------------+
; qar_info.json                   ;
; PLL1.ppf                        ;
; PLL1.qip                        ;
; PLL1.v                          ;
; PLL1_bb.v                       ;
; PLL1_inst.v                     ;
; RCB_FPGA.qsf                    ;
; RCB_FPGA_Eval.bdf               ;
; RCB_FPGA_Eval.qpf               ;
; pll2.bsf                        ;
; pll2.ppf                        ;
; pll2.qip                        ;
; pll2.v                          ;
; pll2_bb.v                       ;
; pll2_inst.v                     ;
; simulation/modelsim/run_rtl.tcl ;
; source/estop.v                  ;
; source/rcb_parameters.v         ;
; source/rcb_registers.v          ;
; source/rcb_spi.v                ;
; source/rcb_test_de10.v          ;
; source/rcb_top.v                ;
; assignment_defaults.qdf         ;
+---------------------------------+


+--------------------+
; Files Not Restored ;
+--------------------+
; File Name          ;
+--------------------+


