Flow report for RCB_FPGA_3_1
Tue Mar  7 08:15:15 2023
Quartus Prime Version 21.1.1 Build 850 06/23/2022 SJ Lite Edition


---------------------
; Table of Contents ;
---------------------
  1. Legal Notice
  2. Flow Summary
  3. Flow Settings
  4. Flow Non-Default Global Settings
  5. Flow Elapsed Time
  6. Flow OS Summary
  7. Flow Log
  8. Flow Messages
  9. Flow Suppressed Messages



----------------
; Legal Notice ;
----------------
Copyright (C) 2022  Intel Corporation. All rights reserved.
Your use of Intel Corporation's design tools, logic functions 
and other software and tools, and any partner logic 
functions, and any output files from any of the foregoing 
(including device programming or simulation files), and any 
associated documentation or information are expressly subject 
to the terms and conditions of the Intel Program License 
Subscription Agreement, the Intel Quartus Prime License Agreement,
the Intel FPGA IP License Agreement, or other applicable license
agreement, including, without limitation, that your use is for
the sole purpose of programming logic devices manufactured by
Intel and sold by Intel or its authorized distributors.  Please
refer to the applicable agreement for further details, at
https://fpgasoftware.intel.com/eula.



+----------------------------------------------------------------------------------+
; Flow Summary                                                                     ;
+------------------------------------+---------------------------------------------+
; Flow Status                        ; Successful - Tue Mar  7 08:15:15 2023       ;
; Quartus Prime Version              ; 21.1.1 Build 850 06/23/2022 SJ Lite Edition ;
; Revision Name                      ; RCB_FPGA_3_1                                ;
; Top-level Entity Name              ; RCB_FPGA                                    ;
; Family                             ; MAX 10                                      ;
; Device                             ; 10M40DCF256I7G                              ;
; Timing Models                      ; Final                                       ;
; Total logic elements               ; 626 / 40,368 ( 2 % )                        ;
;     Total combinational functions  ; 443 / 40,368 ( 1 % )                        ;
;     Dedicated logic registers      ; 479 / 40,368 ( 1 % )                        ;
; Total registers                    ; 479                                         ;
; Total pins                         ; 168 / 178 ( 94 % )                          ;
; Total virtual pins                 ; 0                                           ;
; Total memory bits                  ; 0 / 1,290,240 ( 0 % )                       ;
; Embedded Multiplier 9-bit elements ; 0 / 250 ( 0 % )                             ;
; Total PLLs                         ; 1 / 4 ( 25 % )                              ;
; UFM blocks                         ; 0 / 1 ( 0 % )                               ;
; ADC blocks                         ; 0                                           ;
+------------------------------------+---------------------------------------------+


+-----------------------------------------+
; Flow Settings                           ;
+-------------------+---------------------+
; Option            ; Setting             ;
+-------------------+---------------------+
; Start date & time ; 03/07/2023 08:14:36 ;
; Main task         ; Compilation         ;
; Revision Name     ; RCB_FPGA_3_1        ;
+-------------------+---------------------+


+------------------------------------------------------------------------------------------------------------------------------------------------------------------------+
; Flow Non-Default Global Settings                                                                                                                                       ;
+------------------------------------------------+-----------------------------------------------------+---------------+-------------+-----------------------------------+
; Assignment Name                                ; Value                                               ; Default Value ; Entity Name ; Section Id                        ;
+------------------------------------------------+-----------------------------------------------------+---------------+-------------+-----------------------------------+
; COMPILER_SIGNATURE_ID                          ; 200715051091623.167816967511648                     ; --            ; --          ; --                                ;
; EDA_BOARD_DESIGN_TIMING_TOOL                   ; Stamp (Timing)                                      ; <None>        ; --          ; --                                ;
; EDA_GENERATE_FUNCTIONAL_NETLIST                ; Off                                                 ; --            ; --          ; eda_board_design_timing           ;
; EDA_GENERATE_FUNCTIONAL_NETLIST                ; Off                                                 ; --            ; --          ; eda_board_design_boundary_scan    ;
; EDA_GENERATE_FUNCTIONAL_NETLIST                ; Off                                                 ; --            ; --          ; eda_board_design_signal_integrity ;
; EDA_GENERATE_FUNCTIONAL_NETLIST                ; Off                                                 ; --            ; --          ; eda_board_design_symbol           ;
; EDA_OUTPUT_DATA_FORMAT                         ; Stamp                                               ; --            ; --          ; eda_board_design_timing           ;
; EDA_OUTPUT_DATA_FORMAT                         ; Verilog Hdl                                         ; --            ; --          ; eda_simulation                    ;
; EDA_SIMULATION_TOOL                            ; ModelSim (Verilog)                                  ; <None>        ; --          ; --                                ;
; EDA_TIME_SCALE                                 ; 1 ps                                                ; --            ; --          ; eda_simulation                    ;
; EDA_USER_COMPILED_SIMULATION_LIBRARY_DIRECTORY ; C:/tracePCB/RCB/RCB_FPGA/simulation/modelsim/MAX 10 ; --            ; --          ; eda_simulation                    ;
; MAX_CORE_JUNCTION_TEMP                         ; 100                                                 ; --            ; --          ; --                                ;
; MIN_CORE_JUNCTION_TEMP                         ; -40                                                 ; --            ; --          ; --                                ;
; MISC_FILE                                      ; PLL1_inst.v                                         ; --            ; --          ; --                                ;
; MISC_FILE                                      ; PLL1_bb.v                                           ; --            ; --          ; --                                ;
; MISC_FILE                                      ; PLL1.ppf                                            ; --            ; --          ; --                                ;
; MISC_FILE                                      ; pll2.bsf                                            ; --            ; --          ; --                                ;
; MISC_FILE                                      ; pll2_inst.v                                         ; --            ; --          ; --                                ;
; MISC_FILE                                      ; pll2_bb.v                                           ; --            ; --          ; --                                ;
; MISC_FILE                                      ; pll2.ppf                                            ; --            ; --          ; --                                ;
; PARTITION_COLOR                                ; -- (Not supported for targeted family)              ; --            ; RCB_FPGA    ; Top                               ;
; PARTITION_FITTER_PRESERVATION_LEVEL            ; -- (Not supported for targeted family)              ; --            ; RCB_FPGA    ; Top                               ;
; PARTITION_NETLIST_TYPE                         ; -- (Not supported for targeted family)              ; --            ; RCB_FPGA    ; Top                               ;
; POWER_BOARD_THERMAL_MODEL                      ; None (CONSERVATIVE)                                 ; --            ; --          ; --                                ;
; POWER_PRESET_COOLING_SOLUTION                  ; 23 MM HEAT SINK WITH 200 LFPM AIRFLOW               ; --            ; --          ; --                                ;
; PROJECT_OUTPUT_DIRECTORY                       ; output_files                                        ; --            ; --          ; --                                ;
; TOP_LEVEL_ENTITY                               ; RCB_FPGA                                            ; RCB_FPGA_3_1  ; --          ; --                                ;
+------------------------------------------------+-----------------------------------------------------+---------------+-------------+-----------------------------------+


+--------------------------------------------------------------------------------------------------------------------------+
; Flow Elapsed Time                                                                                                        ;
+----------------------+--------------+-------------------------+---------------------+------------------------------------+
; Module Name          ; Elapsed Time ; Average Processors Used ; Peak Virtual Memory ; Total CPU Time (on all processors) ;
+----------------------+--------------+-------------------------+---------------------+------------------------------------+
; Analysis & Synthesis ; 00:00:12     ; 1.0                     ; 4865 MB             ; 00:00:13                           ;
; Fitter               ; 00:00:14     ; 1.2                     ; 5949 MB             ; 00:00:10                           ;
; Assembler            ; 00:00:04     ; 1.0                     ; 4735 MB             ; 00:00:02                           ;
; Timing Analyzer      ; 00:00:03     ; 1.4                     ; 4886 MB             ; 00:00:03                           ;
; EDA Netlist Writer   ; 00:00:01     ; 1.0                     ; 4665 MB             ; 00:00:01                           ;
; Total                ; 00:00:34     ; --                      ; --                  ; 00:00:29                           ;
+----------------------+--------------+-------------------------+---------------------+------------------------------------+


+------------------------------------------------------------------------------------+
; Flow OS Summary                                                                    ;
+----------------------+------------------+------------+------------+----------------+
; Module Name          ; Machine Hostname ; OS Name    ; OS Version ; Processor type ;
+----------------------+------------------+------------+------------+----------------+
; Analysis & Synthesis ; LAPTOP-8OQVSC68  ; Windows 10 ; 10.0       ; x86_64         ;
; Fitter               ; LAPTOP-8OQVSC68  ; Windows 10 ; 10.0       ; x86_64         ;
; Assembler            ; LAPTOP-8OQVSC68  ; Windows 10 ; 10.0       ; x86_64         ;
; Timing Analyzer      ; LAPTOP-8OQVSC68  ; Windows 10 ; 10.0       ; x86_64         ;
; EDA Netlist Writer   ; LAPTOP-8OQVSC68  ; Windows 10 ; 10.0       ; x86_64         ;
+----------------------+------------------+------------+------------+----------------+


------------
; Flow Log ;
------------
quartus_map --read_settings_files=on --write_settings_files=off RCB_FPGA -c RCB_FPGA_3_1
quartus_fit --read_settings_files=off --write_settings_files=off RCB_FPGA -c RCB_FPGA_3_1
quartus_asm --read_settings_files=off --write_settings_files=off RCB_FPGA -c RCB_FPGA_3_1
quartus_sta RCB_FPGA -c RCB_FPGA_3_1
quartus_eda --read_settings_files=off --write_settings_files=off RCB_FPGA -c RCB_FPGA_3_1



