Analysis & Synthesis report for RCB_FPGA_3_1
Mon Mar 11 11:40:04 2024
Quartus Prime Version 22.1std.2 Build 922 07/20/2023 SC Lite Edition


---------------------
; Table of Contents ;
---------------------
  1. Legal Notice
  2. Analysis & Synthesis Summary
  3. Analysis & Synthesis Settings
  4. Parallel Compilation
  5. Analysis & Synthesis Messages
  6. Analysis & Synthesis Suppressed Messages



----------------
; Legal Notice ;
----------------
Copyright (C) 2023  Intel Corporation. All rights reserved.
Your use of Intel Corporation's design tools, logic functions 
and other software and tools, and any partner logic 
functions, and any output files from any of the foregoing 
(including device programming or simulation files), and any 
associated documentation or information are expressly subject 
to the terms and conditions of the Intel Program License 
Subscription Agreement, the Intel Quartus Prime License Agreement,
the Intel FPGA IP License Agreement, or other applicable license
agreement, including, without limitation, that your use is for
the sole purpose of programming logic devices manufactured by
Intel and sold by Intel or its authorized distributors.  Please
refer to the applicable agreement for further details, at
https://fpgasoftware.intel.com/eula.



+-------------------------------------------------------------------------------------+
; Analysis & Synthesis Summary                                                        ;
+------------------------------------+------------------------------------------------+
; Analysis & Synthesis Status        ; Failed - Mon Mar 11 11:40:04 2024              ;
; Quartus Prime Version              ; 22.1std.2 Build 922 07/20/2023 SC Lite Edition ;
; Revision Name                      ; RCB_FPGA_3_1                                   ;
; Top-level Entity Name              ; RCB_TOP                                        ;
; Family                             ; MAX 10                                         ;
; Total logic elements               ; N/A until Partition Merge                      ;
;     Total combinational functions  ; N/A until Partition Merge                      ;
;     Dedicated logic registers      ; N/A until Partition Merge                      ;
; Total registers                    ; N/A until Partition Merge                      ;
; Total pins                         ; N/A until Partition Merge                      ;
; Total virtual pins                 ; N/A until Partition Merge                      ;
; Total memory bits                  ; N/A until Partition Merge                      ;
; Embedded Multiplier 9-bit elements ; N/A until Partition Merge                      ;
; Total PLLs                         ; N/A until Partition Merge                      ;
; UFM blocks                         ; N/A until Partition Merge                      ;
; ADC blocks                         ; N/A until Partition Merge                      ;
+------------------------------------+------------------------------------------------+


+------------------------------------------------------------------------------------------------------------+
; Analysis & Synthesis Settings                                                                              ;
+------------------------------------------------------------------+--------------------+--------------------+
; Option                                                           ; Setting            ; Default Value      ;
+------------------------------------------------------------------+--------------------+--------------------+
; Device                                                           ; 10M40DCF256I7G     ;                    ;
; Top-level entity name                                            ; RCB_TOP            ; RCB_FPGA_3_1       ;
; Family name                                                      ; MAX 10             ; Cyclone V          ;
; Use smart compilation                                            ; Off                ; Off                ;
; Enable parallel Assembler and Timing Analyzer during compilation ; On                 ; On                 ;
; Enable compact report table                                      ; Off                ; Off                ;
; Restructure Multiplexers                                         ; Auto               ; Auto               ;
; Create Debugging Nodes for IP Cores                              ; Off                ; Off                ;
; Preserve fewer node names                                        ; On                 ; On                 ;
; Intel FPGA IP Evaluation Mode                                    ; Enable             ; Enable             ;
; Verilog Version                                                  ; Verilog_2001       ; Verilog_2001       ;
; VHDL Version                                                     ; VHDL_1993          ; VHDL_1993          ;
; State Machine Processing                                         ; Auto               ; Auto               ;
; Safe State Machine                                               ; Off                ; Off                ;
; Extract Verilog State Machines                                   ; On                 ; On                 ;
; Extract VHDL State Machines                                      ; On                 ; On                 ;
; Ignore Verilog initial constructs                                ; Off                ; Off                ;
; Iteration limit for constant Verilog loops                       ; 5000               ; 5000               ;
; Iteration limit for non-constant Verilog loops                   ; 250                ; 250                ;
; Add Pass-Through Logic to Inferred RAMs                          ; On                 ; On                 ;
; Infer RAMs from Raw Logic                                        ; On                 ; On                 ;
; Parallel Synthesis                                               ; On                 ; On                 ;
; DSP Block Balancing                                              ; Auto               ; Auto               ;
; NOT Gate Push-Back                                               ; On                 ; On                 ;
; Power-Up Don't Care                                              ; On                 ; On                 ;
; Remove Redundant Logic Cells                                     ; Off                ; Off                ;
; Remove Duplicate Registers                                       ; On                 ; On                 ;
; Ignore CARRY Buffers                                             ; Off                ; Off                ;
; Ignore CASCADE Buffers                                           ; Off                ; Off                ;
; Ignore GLOBAL Buffers                                            ; Off                ; Off                ;
; Ignore ROW GLOBAL Buffers                                        ; Off                ; Off                ;
; Ignore LCELL Buffers                                             ; Off                ; Off                ;
; Ignore SOFT Buffers                                              ; On                 ; On                 ;
; Limit AHDL Integers to 32 Bits                                   ; Off                ; Off                ;
; Optimization Technique                                           ; Balanced           ; Balanced           ;
; Carry Chain Length                                               ; 70                 ; 70                 ;
; Auto Carry Chains                                                ; On                 ; On                 ;
; Auto Open-Drain Pins                                             ; On                 ; On                 ;
; Perform WYSIWYG Primitive Resynthesis                            ; Off                ; Off                ;
; Auto ROM Replacement                                             ; On                 ; On                 ;
; Auto RAM Replacement                                             ; On                 ; On                 ;
; Auto DSP Block Replacement                                       ; On                 ; On                 ;
; Auto Shift Register Replacement                                  ; Auto               ; Auto               ;
; Allow Shift Register Merging across Hierarchies                  ; Auto               ; Auto               ;
; Auto Clock Enable Replacement                                    ; On                 ; On                 ;
; Strict RAM Replacement                                           ; Off                ; Off                ;
; Allow Synchronous Control Signals                                ; On                 ; On                 ;
; Force Use of Synchronous Clear Signals                           ; Off                ; Off                ;
; Auto RAM Block Balancing                                         ; On                 ; On                 ;
; Auto RAM to Logic Cell Conversion                                ; Off                ; Off                ;
; Auto Resource Sharing                                            ; Off                ; Off                ;
; Allow Any RAM Size For Recognition                               ; Off                ; Off                ;
; Allow Any ROM Size For Recognition                               ; Off                ; Off                ;
; Allow Any Shift Register Size For Recognition                    ; Off                ; Off                ;
; Use LogicLock Constraints during Resource Balancing              ; On                 ; On                 ;
; Ignore translate_off and synthesis_off directives                ; Off                ; Off                ;
; Timing-Driven Synthesis                                          ; On                 ; On                 ;
; Report Parameter Settings                                        ; On                 ; On                 ;
; Report Source Assignments                                        ; On                 ; On                 ;
; Report Connectivity Checks                                       ; On                 ; On                 ;
; Ignore Maximum Fan-Out Assignments                               ; Off                ; Off                ;
; Synchronization Register Chain Length                            ; 2                  ; 2                  ;
; Power Optimization During Synthesis                              ; Normal compilation ; Normal compilation ;
; HDL message level                                                ; Level2             ; Level2             ;
; Suppress Register Optimization Related Messages                  ; Off                ; Off                ;
; Number of Removed Registers Reported in Synthesis Report         ; 5000               ; 5000               ;
; Number of Swept Nodes Reported in Synthesis Report               ; 5000               ; 5000               ;
; Number of Inverted Registers Reported in Synthesis Report        ; 100                ; 100                ;
; Clock MUX Protection                                             ; On                 ; On                 ;
; Auto Gated Clock Conversion                                      ; Off                ; Off                ;
; Block Design Naming                                              ; Auto               ; Auto               ;
; SDC constraint protection                                        ; Off                ; Off                ;
; Synthesis Effort                                                 ; Auto               ; Auto               ;
; Shift Register Replacement - Allow Asynchronous Clear Signal     ; On                 ; On                 ;
; Pre-Mapping Resynthesis Optimization                             ; Off                ; Off                ;
; Analysis & Synthesis Message Level                               ; Medium             ; Medium             ;
; Disable Register Merging Across Hierarchies                      ; Auto               ; Auto               ;
; Resource Aware Inference For Block RAM                           ; On                 ; On                 ;
+------------------------------------------------------------------+--------------------+--------------------+


+------------------------------------------+
; Parallel Compilation                     ;
+----------------------------+-------------+
; Processors                 ; Number      ;
+----------------------------+-------------+
; Number detected on machine ; 12          ;
; Maximum allowed            ; 10          ;
;                            ;             ;
; Average used               ; 1.00        ;
; Maximum used               ; 1           ;
;                            ;             ;
; Usage by Processor         ; % Time Used ;
;     Processor 1            ; 100.0%      ;
+----------------------------+-------------+


+-------------------------------+
; Analysis & Synthesis Messages ;
+-------------------------------+
Info: *******************************************************************
Info: Running Quartus Prime Analysis & Synthesis
    Info: Version 22.1std.2 Build 922 07/20/2023 SC Lite Edition
    Info: Processing started: Mon Mar 11 11:39:55 2024
Info: Command: quartus_map --read_settings_files=on --write_settings_files=off RCB_FPGA -c RCB_FPGA_3_1
Warning (18236): Number of processors has not been specified which may cause overloading on shared machines.  Set the global assignment NUM_PARALLEL_PROCESSORS in your QSF to an appropriate value for best performance.
Info (20030): Parallel compilation is enabled and will use 10 of the 10 processors detected
Info (12021): Found 2 design units, including 1 entities, in source file i2c_master.vhd
    Info (12022): Found design unit 1: i2c_master-logic File: G:/My Drive/FPGA/git/RCB_Rev_B/i2c_master.vhd Line: 54
    Info (12023): Found entity 1: i2c_master File: G:/My Drive/FPGA/git/RCB_Rev_B/i2c_master.vhd Line: 36
Info (12021): Found 2 design units, including 1 entities, in source file adc_master.vhd
    Info (12022): Found design unit 1: ADC_Master-logic File: G:/My Drive/FPGA/git/RCB_Rev_B/ADC_Master.vhd Line: 25
    Info (12023): Found entity 1: ADC_Master File: G:/My Drive/FPGA/git/RCB_Rev_B/ADC_Master.vhd Line: 5
Info (12021): Found 2 design units, including 1 entities, in source file rcb_registers.vhd
    Info (12022): Found design unit 1: rcb_registers-Behavioral File: G:/My Drive/FPGA/git/RCB_Rev_B/rcb_registers.vhd Line: 204
    Info (12023): Found entity 1: rcb_registers File: G:/My Drive/FPGA/git/RCB_Rev_B/rcb_registers.vhd Line: 7
Info (12021): Found 2 design units, including 1 entities, in source file fan.vhd
    Info (12022): Found design unit 1: FAN-Behavioral File: G:/My Drive/FPGA/git/RCB_Rev_B/Fan.vhd Line: 16
    Info (12023): Found entity 1: FAN File: G:/My Drive/FPGA/git/RCB_Rev_B/Fan.vhd Line: 5
Info (12021): Found 2 design units, including 1 entities, in source file rcb_top.vhd
    Info (12022): Found design unit 1: RCB_TOP-Behavioral File: G:/My Drive/FPGA/git/RCB_Rev_B/RCB_TOP.vhd Line: 166
    Info (12023): Found entity 1: RCB_TOP File: G:/My Drive/FPGA/git/RCB_Rev_B/RCB_TOP.vhd Line: 5
Info (12021): Found 1 design units, including 1 entities, in source file source/estop.v
    Info (12023): Found entity 1: estop File: G:/My Drive/FPGA/git/RCB_Rev_B/source/estop.v Line: 11
Warning (10238): Verilog Module Declaration warning at rcb_top.v(156): ignored anonymous port(s) indicated by duplicate or dangling comma(s) in the port list for module "rcb_top_old" File: G:/My Drive/FPGA/git/RCB_Rev_B/source/rcb_top.v Line: 156
Info (12021): Found 1 design units, including 1 entities, in source file source/rcb_top.v
    Info (12023): Found entity 1: rcb_top_old File: G:/My Drive/FPGA/git/RCB_Rev_B/source/rcb_top.v Line: 2
Info (12021): Found 1 design units, including 1 entities, in source file source/rcb_spi.v
    Info (12023): Found entity 1: rcb_spi File: G:/My Drive/FPGA/git/RCB_Rev_B/source/rcb_spi.v Line: 2
Info (12021): Found 1 design units, including 1 entities, in source file pll1.v
    Info (12023): Found entity 1: PLL1 File: G:/My Drive/FPGA/git/RCB_Rev_B/PLL1.v Line: 40
Info (12021): Found 1 design units, including 1 entities, in source file pll2.v
    Info (12023): Found entity 1: pll2 File: G:/My Drive/FPGA/git/RCB_Rev_B/pll2.v Line: 40
Error (10482): VHDL error at RCB_TOP.vhd(420): object "FAN_TACHO_REG_OUT_1" is used but not declared File: G:/My Drive/FPGA/git/RCB_Rev_B/RCB_TOP.vhd Line: 420
Error (10482): VHDL error at RCB_TOP.vhd(421): object "FAN_PWM_REG_OUT_1" is used but not declared File: G:/My Drive/FPGA/git/RCB_Rev_B/RCB_TOP.vhd Line: 421
Error (10558): VHDL error at RCB_TOP.vhd(421): cannot associate formal port "FAN_PWM_REG_OUT_1" of mode "out" with an expression File: G:/My Drive/FPGA/git/RCB_Rev_B/RCB_TOP.vhd Line: 421
Error (10482): VHDL error at RCB_TOP.vhd(422): object "FAN_TACHO_REG_OUT_2" is used but not declared File: G:/My Drive/FPGA/git/RCB_Rev_B/RCB_TOP.vhd Line: 422
Error (10482): VHDL error at RCB_TOP.vhd(423): object "FAN_PWM_REG_OUT_2" is used but not declared File: G:/My Drive/FPGA/git/RCB_Rev_B/RCB_TOP.vhd Line: 423
Error (10558): VHDL error at RCB_TOP.vhd(423): cannot associate formal port "FAN_PWM_REG_OUT_2" of mode "out" with an expression File: G:/My Drive/FPGA/git/RCB_Rev_B/RCB_TOP.vhd Line: 423
Error (10482): VHDL error at RCB_TOP.vhd(424): object "AIN0" is used but not declared File: G:/My Drive/FPGA/git/RCB_Rev_B/RCB_TOP.vhd Line: 424
Error (10482): VHDL error at RCB_TOP.vhd(425): object "AIN1" is used but not declared File: G:/My Drive/FPGA/git/RCB_Rev_B/RCB_TOP.vhd Line: 425
Error (10482): VHDL error at RCB_TOP.vhd(426): object "AIN2" is used but not declared File: G:/My Drive/FPGA/git/RCB_Rev_B/RCB_TOP.vhd Line: 426
Error (10482): VHDL error at RCB_TOP.vhd(427): object "AIN3" is used but not declared File: G:/My Drive/FPGA/git/RCB_Rev_B/RCB_TOP.vhd Line: 427
Error (10482): VHDL error at RCB_TOP.vhd(428): object "AIN4" is used but not declared File: G:/My Drive/FPGA/git/RCB_Rev_B/RCB_TOP.vhd Line: 428
Error (10482): VHDL error at RCB_TOP.vhd(429): object "AIN5" is used but not declared File: G:/My Drive/FPGA/git/RCB_Rev_B/RCB_TOP.vhd Line: 429
Error (10482): VHDL error at RCB_TOP.vhd(430): object "AIN6" is used but not declared File: G:/My Drive/FPGA/git/RCB_Rev_B/RCB_TOP.vhd Line: 430
Error (10482): VHDL error at RCB_TOP.vhd(431): object "AIN7" is used but not declared File: G:/My Drive/FPGA/git/RCB_Rev_B/RCB_TOP.vhd Line: 431
Error (10482): VHDL error at RCB_TOP.vhd(432): object "FPGA_LEDs_OUT" is used but not declared File: G:/My Drive/FPGA/git/RCB_Rev_B/RCB_TOP.vhd Line: 432
Error (10558): VHDL error at RCB_TOP.vhd(432): cannot associate formal port "FPGA_LEDs_OUT" of mode "out" with an expression File: G:/My Drive/FPGA/git/RCB_Rev_B/RCB_TOP.vhd Line: 432
Error (10482): VHDL error at RCB_TOP.vhd(433): object "R_DIAG_PACK_CNT" is used but not declared File: G:/My Drive/FPGA/git/RCB_Rev_B/RCB_TOP.vhd Line: 433
Error (10482): VHDL error at RCB_TOP.vhd(434): object "R_DIAG_ERR_CNT" is used but not declared File: G:/My Drive/FPGA/git/RCB_Rev_B/RCB_TOP.vhd Line: 434
Error (10482): VHDL error at RCB_TOP.vhd(435): object "L_DIAG_PACK_CNT" is used but not declared File: G:/My Drive/FPGA/git/RCB_Rev_B/RCB_TOP.vhd Line: 435
Info (144001): Generated suppressed messages file G:/My Drive/FPGA/git/RCB_Rev_B/output_files/RCB_FPGA_3_1.map.smsg
Error: Quartus Prime Analysis & Synthesis was unsuccessful. 19 errors, 2 warnings
    Error: Peak virtual memory: 4790 megabytes
    Error: Processing ended: Mon Mar 11 11:40:04 2024
    Error: Elapsed time: 00:00:09
    Error: Total CPU time (on all processors): 00:00:16


+------------------------------------------+
; Analysis & Synthesis Suppressed Messages ;
+------------------------------------------+
The suppressed messages can be found in G:/My Drive/FPGA/git/RCB_Rev_B/output_files/RCB_FPGA_3_1.map.smsg.


