EDA Netlist Writer report for RCB_FPGA_3_1
Tue Mar  7 08:15:15 2023
Quartus Prime Version 21.1.1 Build 850 06/23/2022 SJ Lite Edition


---------------------
; Table of Contents ;
---------------------
  1. Legal Notice
  2. EDA Netlist Writer Summary
  3. Simulation Settings
  4. Simulation Generated Files
  5. Board-Level Settings
  6. Board-Level Generated Files
  7. EDA Netlist Writer Messages



----------------
; Legal Notice ;
----------------
Copyright (C) 2022  Intel Corporation. All rights reserved.
Your use of Intel Corporation's design tools, logic functions 
and other software and tools, and any partner logic 
functions, and any output files from any of the foregoing 
(including device programming or simulation files), and any 
associated documentation or information are expressly subject 
to the terms and conditions of the Intel Program License 
Subscription Agreement, the Intel Quartus Prime License Agreement,
the Intel FPGA IP License Agreement, or other applicable license
agreement, including, without limitation, that your use is for
the sole purpose of programming logic devices manufactured by
Intel and sold by Intel or its authorized distributors.  Please
refer to the applicable agreement for further details, at
https://fpgasoftware.intel.com/eula.



+------------------------------------------------------------------------------+
; EDA Netlist Writer Summary                                                   ;
+--------------------------------------+---------------------------------------+
; EDA Netlist Writer Status            ; Successful - Tue Mar  7 08:15:15 2023 ;
; Revision Name                        ; RCB_FPGA_3_1                          ;
; Top-level Entity Name                ; RCB_FPGA                              ;
; Family                               ; MAX 10                                ;
; Simulation Files Creation            ; Successful                            ;
; Board Timing Analysis Files Creation ; Successful                            ;
+--------------------------------------+---------------------------------------+


+------------------------------------------------------------------------------------------------------------------------+
; Simulation Settings                                                                                                    ;
+---------------------------------------------------------------------------------------------------+--------------------+
; Option                                                                                            ; Setting            ;
+---------------------------------------------------------------------------------------------------+--------------------+
; Tool Name                                                                                         ; ModelSim (Verilog) ;
; Generate functional simulation netlist                                                            ; On                 ;
; Truncate long hierarchy paths                                                                     ; Off                ;
; Map illegal HDL characters                                                                        ; Off                ;
; Flatten buses into individual nodes                                                               ; Off                ;
; Maintain hierarchy                                                                                ; Off                ;
; Bring out device-wide set/reset signals as ports                                                  ; Off                ;
; Enable glitch filtering                                                                           ; Off                ;
; Do not write top level VHDL entity                                                                ; Off                ;
; Disable detection of setup and hold time violations in the input registers of bi-directional pins ; Off                ;
; Architecture name in VHDL output netlist                                                          ; structure          ;
; Generate third-party EDA tool command script for RTL functional simulation                        ; Off                ;
; Generate third-party EDA tool command script for gate-level simulation                            ; Off                ;
+---------------------------------------------------------------------------------------------------+--------------------+


+--------------------------------------------------------------+
; Simulation Generated Files                                   ;
+--------------------------------------------------------------+
; Generated Files                                              ;
+--------------------------------------------------------------+
; C:/TracePCB/RCB/RCB_FPGA/simulation/modelsim/RCB_FPGA_3_1.vo ;
+--------------------------------------------------------------+


+----------------------------------------+
; Board-Level Settings                   ;
+------------------------------+---------+
; Option                       ; Setting ;
+------------------------------+---------+
; Board Timing Analysis Format ; STAMP   ;
+------------------------------+---------+


+-------------------------------------------------------------------------------------------------------------------------------+
; Board-Level Generated Files                                                                                                   ;
+-------------------------------------------------------------------------------------------------------------------------------+
; Generated Files                                                                                                               ;
+-------------------------------------------------------------------------------------------------------------------------------+
; Board Timing Analysis                                                                                                         ;
;     C:/TracePCB/RCB/RCB_FPGA/timing/stamp/C:/TracePCB/RCB/RCB_FPGA/timing/stamp//RCB_FPGA_3_1_7_1200mv_100c_board_slow.mod    ;
;     C:/TracePCB/RCB/RCB_FPGA/timing/stamp/C:/TracePCB/RCB/RCB_FPGA/timing/stamp//RCB_FPGA_3_1_7_1200mv_100c_board_slow.data   ;
;     C:/TracePCB/RCB/RCB_FPGA/timing/stamp/C:/TracePCB/RCB/RCB_FPGA/timing/stamp//RCB_FPGA_3_1_7_1200mv_-40c_board_slow.mod    ;
;     C:/TracePCB/RCB/RCB_FPGA/timing/stamp/C:/TracePCB/RCB/RCB_FPGA/timing/stamp//RCB_FPGA_3_1_7_1200mv_-40c_board_slow.data   ;
;     C:/TracePCB/RCB/RCB_FPGA/timing/stamp/C:/TracePCB/RCB/RCB_FPGA/timing/stamp//RCB_FPGA_3_1_min_1200mv_-40c_board_fast.mod  ;
;     C:/TracePCB/RCB/RCB_FPGA/timing/stamp/C:/TracePCB/RCB/RCB_FPGA/timing/stamp//RCB_FPGA_3_1_min_1200mv_-40c_board_fast.data ;
;     C:/TracePCB/RCB/RCB_FPGA/timing/stamp/C:/TracePCB/RCB/RCB_FPGA/timing/stamp//RCB_FPGA_3_1_board.mod                       ;
;     C:/TracePCB/RCB/RCB_FPGA/timing/stamp/C:/TracePCB/RCB/RCB_FPGA/timing/stamp//RCB_FPGA_3_1_board.data                      ;
+-------------------------------------------------------------------------------------------------------------------------------+


+-----------------------------+
; EDA Netlist Writer Messages ;
+-----------------------------+
Info: *******************************************************************
Info: Running Quartus Prime EDA Netlist Writer
    Info: Version 21.1.1 Build 850 06/23/2022 SJ Lite Edition
    Info: Processing started: Tue Mar  7 08:15:14 2023
Info: Command: quartus_eda --read_settings_files=off --write_settings_files=off RCB_FPGA -c RCB_FPGA_3_1
Warning (18236): Number of processors has not been specified which may cause overloading on shared machines.  Set the global assignment NUM_PARALLEL_PROCESSORS in your QSF to an appropriate value for best performance.
Info (204019): Generated file RCB_FPGA_3_1.vo in folder "C:/TracePCB/RCB/RCB_FPGA/simulation/modelsim/" for EDA simulation tool
Info (199047): Generated files "C:/TracePCB/RCB/RCB_FPGA/timing/stamp//RCB_FPGA_3_1_7_1200mv_100c_board_slow.mod" and "C:/TracePCB/RCB/RCB_FPGA/timing/stamp//RCB_FPGA_3_1_7_1200mv_100c_board_slow.data"
Info (199047): Generated files "C:/TracePCB/RCB/RCB_FPGA/timing/stamp//RCB_FPGA_3_1_7_1200mv_-40c_board_slow.mod" and "C:/TracePCB/RCB/RCB_FPGA/timing/stamp//RCB_FPGA_3_1_7_1200mv_-40c_board_slow.data"
Info (199047): Generated files "C:/TracePCB/RCB/RCB_FPGA/timing/stamp//RCB_FPGA_3_1_min_1200mv_-40c_board_fast.mod" and "C:/TracePCB/RCB/RCB_FPGA/timing/stamp//RCB_FPGA_3_1_min_1200mv_-40c_board_fast.data"
Info (199047): Generated files "C:/TracePCB/RCB/RCB_FPGA/timing/stamp//RCB_FPGA_3_1_board.mod" and "C:/TracePCB/RCB/RCB_FPGA/timing/stamp//RCB_FPGA_3_1_board.data"
Info: Quartus Prime EDA Netlist Writer was successful. 0 errors, 1 warning
    Info: Peak virtual memory: 4665 megabytes
    Info: Processing ended: Tue Mar  7 08:15:15 2023
    Info: Elapsed time: 00:00:01
    Info: Total CPU time (on all processors): 00:00:01


